<?xml version="1.0" encoding="UTF-8"?>
<testng-results ignored="0" total="1" passed="1" failed="0" skipped="0">
  <reporter-output>
  </reporter-output>
  <suite started-at="2023-05-27T15:41:30 IST" name="Default suite" finished-at="2023-05-27T15:41:39 IST" duration-ms="8696">
    <groups>
    </groups>
    <test started-at="2023-05-27T15:41:30 IST" name="Default test" finished-at="2023-05-27T15:41:39 IST" duration-ms="8696">
      <class name="Hapana.ExtentReport.ExtentReportDemo">
        <test-method is-config="true" signature="config()[pri:0, instance:Hapana.ExtentReport.ExtentReportDemo@23c30a20]" started-at="2023-05-27T15:41:30 IST" name="config" finished-at="2023-05-27T15:41:30 IST" duration-ms="388" status="PASS">
          <reporter-output>
          </reporter-output>
        </test-method> <!-- config -->
        <test-method signature="initialDemo()[pri:0, instance:Hapana.ExtentReport.ExtentReportDemo@23c30a20]" started-at="2023-05-27T15:41:30 IST" name="initialDemo" finished-at="2023-05-27T15:41:39 IST" duration-ms="8248" status="PASS">
          <reporter-output>
          </reporter-output>
        </test-method> <!-- initialDemo -->
      </class> <!-- Hapana.ExtentReport.ExtentReportDemo -->
    </test> <!-- Default test -->
  </suite> <!-- Default suite -->
</testng-results>
